user root has id 0
user daemon has id 1
user bin has id 2
user sys has id 3
user sync has id 4
user games has id 5
user man has id 6
user lp has id 7
user mail has id 8
user news has id 9
user uucp has id 10
user proxy has id 13
user www-data has id 33
user backup has id 34
user list has id 38
user irc has id 39
user gnats has id 41
user nobody has id 65534
user systemd-network has id 100
user systemd-resolve has id 101
user messagebus has id 102
user systemd-timesync has id 103
user syslog has id 104
user _apt has id 105
user uuidd has id 106
user tcpdump has id 107
user mokaruuns has id 1000
date of last password change for user root is  Oct 25, 2022
